<?xml version="1.0" encoding="UTF-8"?>
<testsuite name="com.bestbuy.curdtest.StoreCurdTest" time="0" tests="4" errors="4" skipped="0" failures="0">
  <properties>
[...]
</properties>
  <testcase name="test001" classname="com.bestbuy.curdtest.StoreCurdTest" time="0">
    <error type="java.lang.NullPointerException:">java.lang.NullPointerException: null
	at com.bestbuy.curdtest.StoreCurdTest.test001(StoreCurdTest.java:51)
</error>
    <system-err><![CDATA[3250 [main] ERROR net.serenitybdd.core.Serenity - 
           __  _____ _____ ____ _____   _____ _    ___ _     _____ ____  
  _       / / |_   _| ____/ ___|_   _| |  ___/ \  |_ _| |   | ____|  _ \ 
 (_)_____| |    | | |  _| \___ \ | |   | |_ / _ \  | || |   |  _| | | | |
  _|_____| |    | | | |___ ___) || |   |  _/ ___ \ | || |___| |___| |_| |
 (_)     | |    |_| |_____|____/ |_|   |_|/_/   \_\___|_____|_____|____/ 
          \_\                                                            

TEST FAILED: Delete the student and verify if the student is deleted!
--------------------------------------------------------------------------
3251 [main] ERROR net.serenitybdd.core.Serenity - 1 expectation failed.Expected status code <200> but was <404>.
3301 [pool-1-thread-2] INFO net.thucydides.core.reports.json.JSONTestOutcomeReporter - Generating JSON report for Verify if the student was added to the application to file C:\Users\Prash\IdeaProjects\bestbuy-serenity-project\target\site\serenity\abfa8b8be073805e56cbd3a62667e5e90e59ebe31cf9c27c2ba961133206ec36.json (using temp file C:\Users\Prash\IdeaProjects\bestbuy-serenity-project\target\site\serenity\abfa8b8be073805e56cbd3a62667e5e90e59ebe31cf9c27c2ba961133206ec36.jsonf0ed72fc-6b95-4830-97be-4d1b49f5e22e)
3301 [pool-1-thread-3] INFO net.thucydides.core.reports.json.JSONTestOutcomeReporter - Generating JSON report for Update the user information and verify the updated information to file C:\Users\Prash\IdeaProjects\bestbuy-serenity-project\target\site\serenity\8fae069c412b096bca0aa5f10d7ce1d7ed0bf1423b93c76bb123447f2016d9c8.json (using temp file C:\Users\Prash\IdeaProjects\bestbuy-serenity-project\target\site\serenity\8fae069c412b096bca0aa5f10d7ce1d7ed0bf1423b93c76bb123447f2016d9c8.jsond25f07dd-6938-4ae9-8626-9209a95e3ade)
3301 [pool-1-thread-1] INFO net.thucydides.core.reports.json.JSONTestOutcomeReporter - Generating JSON report for This will create new product to file C:\Users\Prash\IdeaProjects\bestbuy-serenity-project\target\site\serenity\a26ca7bea35aa2231fd8c157290988a50e798db8917f5c542863238f0bc56d74.json (using temp file C:\Users\Prash\IdeaProjects\bestbuy-serenity-project\target\site\serenity\a26ca7bea35aa2231fd8c157290988a50e798db8917f5c542863238f0bc56d74.jsonbe60d217-45c3-4ea0-92ee-83b7f93d01d5)
3301 [pool-1-thread-4] INFO net.thucydides.core.reports.json.JSONTestOutcomeReporter - Generating JSON report for Delete the student and verify if the student is deleted! to file C:\Users\Prash\IdeaProjects\bestbuy-serenity-project\target\site\serenity\b83712e0e343d4eba161e191ee785a343682055023020209a5a9aa7954b539e1.json (using temp file C:\Users\Prash\IdeaProjects\bestbuy-serenity-project\target\site\serenity\b83712e0e343d4eba161e191ee785a343682055023020209a5a9aa7954b539e1.json0ecaf2a6-1ff1-4b88-aa38-0ae594da7fc3)
3414 [pool-2-thread-4] INFO net.thucydides.core.reports.html.HtmlAcceptanceTestReporter - GENERATING HTML REPORT FOR Product CRUD test:test004 in b83712e0e343d4eba161e191ee785a343682055023020209a5a9aa7954b539e1.html in directory target\site\serenity  
3414 [pool-2-thread-3] INFO net.thucydides.core.reports.html.HtmlAcceptanceTestReporter - GENERATING HTML REPORT FOR Product CRUD test:test003 in 8fae069c412b096bca0aa5f10d7ce1d7ed0bf1423b93c76bb123447f2016d9c8.html in directory target\site\serenity  
3414 [pool-2-thread-2] INFO net.thucydides.core.reports.html.HtmlAcceptanceTestReporter - GENERATING HTML REPORT FOR Product CRUD test:test002 in abfa8b8be073805e56cbd3a62667e5e90e59ebe31cf9c27c2ba961133206ec36.html in directory target\site\serenity  
3414 [pool-2-thread-1] INFO net.thucydides.core.reports.html.HtmlAcceptanceTestReporter - GENERATING HTML REPORT FOR Product CRUD test:test001 in a26ca7bea35aa2231fd8c157290988a50e798db8917f5c542863238f0bc56d74.html in directory target\site\serenity  
]]></system-err>
  </testcase>
  <testcase name="test002" classname="com.bestbuy.curdtest.StoreCurdTest" time="0">
    <error type="java.lang.NullPointerException:">java.lang.NullPointerException: null
	at com.bestbuy.curdtest.StoreCurdTest.test002(StoreCurdTest.java:61)
</error>
    <system-out><![CDATA[Find by lat 100
]]></system-out>
  </testcase>
  <testcase name="test003" classname="com.bestbuy.curdtest.StoreCurdTest" time="0">
    <error type="java.lang.NullPointerException:">java.lang.NullPointerException: null
	at com.bestbuy.curdtest.StoreCurdTest.test003(StoreCurdTest.java:85)
</error>
  </testcase>
  <testcase name="test004" classname="com.bestbuy.curdtest.StoreCurdTest" time="0">
    <error type="java.lang.NullPointerException:">java.lang.NullPointerException: null
	at com.bestbuy.curdtest.StoreCurdTest.test004(StoreCurdTest.java:93)
</error>
  </testcase>
</testsuite>